<?xml version="1.0" encoding="UTF-8"?>
<!-- Generated by org.testng.reporters.JUnitReportReporter -->
<testsuite hostname="LAPTOP-BKU657FU" failures="0" tests="1" name="selenium.data_with_commonmethods" time="23.532" errors="0" timestamp="2022-12-23T13:15:28 IST" skipped="0">
  <testcase classname="selenium.data_with_commonmethods" name="login" time="23.532"/>
  <system-out/>
</testsuite> <!-- selenium.data_with_commonmethods -->
